#
# There is insufficient memory for the Java Runtime Environment to continue.
# Native memory allocation (mmap) failed to map 98566144 bytes. Error detail: G1 virtual space
# Possible reasons:
#   The system is out of physical RAM or swap space
#   This process is running with CompressedOops enabled, and the Java Heap may be blocking the growth of the native heap
# Possible solutions:
#   Reduce memory load on the system
#   Increase physical memory or swap space
#   Check if swap backing store is full
#   Decrease Java heap size (-Xmx/-Xms)
#   Decrease number of Java threads
#   Decrease Java thread stack sizes (-Xss)
#   Set larger code cache with -XX:ReservedCodeCacheSize=
#   JVM is running with Unscaled Compressed Oops mode in which the Java heap is
#     placed in the first 4GB address space. The Java Heap base address is the
#     maximum limit for the native heap growth. Please use -XX:HeapBaseMinAddress
#     to set the Java Heap base and to place the Java Heap above 4GB virtual address.
# This output file may be truncated or incomplete.
#
#  Out of Memory Error (os_windows.cpp:3710), pid=3468, tid=14312
#
# JRE version:  (17.0.15+6) (build )
# Java VM: OpenJDK 64-Bit Server VM (17.0.15+6-LTS, mixed mode, emulated-client, sharing, tiered, compressed oops, compressed class ptrs, g1 gc, windows-amd64)
# No core dump will be written. Minidumps are not enabled by default on client versions of Windows
#

---------------  S U M M A R Y ------------

Command Line: -agentlib:jdwp=transport=dt_socket,address=127.0.0.1:60401,suspend=y,server=n -javaagent:C:\Users\nourg\AppData\Local\JetBrains\IntelliJIdea2025.3\captureAgent\debugger-agent.jar=file:///C:/Users/nourg/AppData/Local/Temp/capture1728623525113944769.props -XX:TieredStopAtLevel=1 -Dspring.output.ansi.enabled=always -Dkotlinx.coroutines.debug.enable.creation.stack.trace=false -Ddebugger.agent.enable.coroutines=true -Dkotlinx.coroutines.debug.enable.flows.stack.trace=true -Dkotlinx.coroutines.debug.enable.mutable.state.flows.stack.trace=true -Ddebugger.async.stack.trace.for.all.threads=true -Dfile.encoding=UTF-8 tn.star.Pfe.PfeApplication

Host: AMD Ryzen 5 5600H with Radeon Graphics         , 12 cores, 5G,  Windows 11 , 64 bit Build 26100 (10.0.26100.8246)
Time: Thu Apr 16 13:33:53 2026 Afr. centrale Ouest elapsed time: 1.058806 seconds (0d 0h 0m 1s)

---------------  T H R E A D  ---------------

Current thread (0x0000029da149cad0):  JavaThread "Unknown thread" [_thread_in_vm, id=14312, stack(0x000000d62d300000,0x000000d62d400000)]

Stack: [0x000000d62d300000,0x000000d62d400000]
Native frames: (J=compiled Java code, j=interpreted, Vv=VM code, C=native code)
V  [jvm.dll+0x6887a9]
V  [jvm.dll+0x83f5a8]
V  [jvm.dll+0x841053]
V  [jvm.dll+0x8416c3]
V  [jvm.dll+0x2496ef]
V  [jvm.dll+0x6856e9]
V  [jvm.dll+0x679b7a]
V  [jvm.dll+0x30b0d7]
V  [jvm.dll+0x312646]
V  [jvm.dll+0x36300e]
V  [jvm.dll+0x36324d]
V  [jvm.dll+0x2e236c]
V  [jvm.dll+0x2e3284]
V  [jvm.dll+0x8114db]
V  [jvm.dll+0x370d21]
V  [jvm.dll+0x7f011f]
V  [jvm.dll+0x3f781e]
V  [jvm.dll+0x3f9351]
C  [jli.dll+0x52a0]
C  [ucrtbase.dll+0x37b0]
C  [KERNEL32.DLL+0x2e8d7]
C  [ntdll.dll+0x8c3fc]


---------------  P R O C E S S  ---------------

Threads class SMR info:
_java_thread_list=0x00007ff8e3dfefd8, length=0, elements={
}

Java Threads: ( => current thread )

Other Threads:
  0x0000029da14eb8d0 GCTaskThread "GC Thread#0" [stack: 0x000000d62d400000,0x000000d62d500000] [id=3244]
  0x0000029da14f8f80 ConcurrentGCThread "G1 Main Marker" [stack: 0x000000d62d500000,0x000000d62d600000] [id=9912]
  0x0000029da14fa050 ConcurrentGCThread "G1 Conc#0" [stack: 0x000000d62d600000,0x000000d62d700000] [id=22360]

[error occurred during error reporting (printing all threads), id 0xc0000005, EXCEPTION_ACCESS_VIOLATION (0xc0000005) at pc=0x00007ff8e35b2ec7]

VM state: not at safepoint (not fully initialized)

VM Mutex/Monitor currently owned by a thread:  ([mutex/lock_event])
[0x0000029da1499800] Heap_lock - owner thread: 0x0000029da149cad0

Heap address: 0x00000000a2400000, size: 1500 MB, Compressed Oops mode: 32-bit

CDS archive(s) mapped at: [0x0000000000000000-0x0000000000000000-0x0000000000000000), size 0, SharedBaseAddress: 0x0000000800000000, ArchiveRelocationMode: 1.
Narrow klass base: 0x0000000000000000, Narrow klass shift: 0, Narrow klass range: 0x0

GC Precious Log:
<Empty>

Heap:
 garbage-first heap   total 0K, used 0K [0x00000000a2400000, 0x0000000100000000)
  region size 1024K, 0 young (0K), 0 survivors (0K)

[error occurred during error reporting (printing heap information), id 0xc0000005, EXCEPTION_ACCESS_VIOLATION (0xc0000005) at pc=0x00007ff8e39a2339]

GC Heap History (0 events):
No events

Dll operation events (2 events):
Event: 0.013 Loaded shared library C:\Users\nourg\.jdks\ms-17.0.15\bin\java.dll
Event: 0.014 Loaded shared library C:\Users\nourg\.jdks\ms-17.0.15\bin\zip.dll

Deoptimization events (0 events):
No events

Classes loaded (0 events):
No events

Classes unloaded (0 events):
No events

Classes redefined (0 events):
No events

Internal exceptions (0 events):
No events

VM Operations (0 events):
No events

Memory protections (0 events):
No events

Nmethod flushes (0 events):
No events

Events (0 events):
No events


Dynamic libraries:
0x00007ff6d5110000 - 0x00007ff6d511e000 	C:\Users\nourg\.jdks\ms-17.0.15\bin\java.exe
0x00007ff9856e0000 - 0x00007ff985947000 	C:\WINDOWS\SYSTEM32\ntdll.dll
0x00007ff984860000 - 0x00007ff984929000 	C:\WINDOWS\System32\KERNEL32.DLL
0x00007ff982290000 - 0x00007ff982684000 	C:\WINDOWS\System32\KERNELBASE.dll
0x00007ff983320000 - 0x00007ff98346b000 	C:\WINDOWS\System32\ucrtbase.dll
0x00007ff97f170000 - 0x00007ff97f187000 	C:\Users\nourg\.jdks\ms-17.0.15\bin\jli.dll
0x00007ff9799d0000 - 0x00007ff9799ed000 	C:\Users\nourg\.jdks\ms-17.0.15\bin\VCRUNTIME140.dll
0x00007ff983c90000 - 0x00007ff983e55000 	C:\WINDOWS\System32\USER32.dll
0x00007ff964ae0000 - 0x00007ff964d73000 	C:\WINDOWS\WinSxS\amd64_microsoft.windows.common-controls_6595b64144ccf1df_6.0.26100.8115_none_3e075c82e3354f9c\COMCTL32.dll
0x00007ff982f00000 - 0x00007ff982f27000 	C:\WINDOWS\System32\win32u.dll
0x00007ff984f40000 - 0x00007ff984f6b000 	C:\WINDOWS\System32\GDI32.dll
0x00007ff9847b0000 - 0x00007ff984859000 	C:\WINDOWS\System32\msvcrt.dll
0x00007ff9831f0000 - 0x00007ff98331b000 	C:\WINDOWS\System32\gdi32full.dll
0x00007ff9821e0000 - 0x00007ff982283000 	C:\WINDOWS\System32\msvcp_win.dll
0x00007ff984e90000 - 0x00007ff984ec2000 	C:\WINDOWS\System32\IMM32.DLL
0x00007ff97f230000 - 0x00007ff97f23c000 	C:\Users\nourg\.jdks\ms-17.0.15\bin\vcruntime140_1.dll
0x00007ff978910000 - 0x00007ff97899d000 	C:\Users\nourg\.jdks\ms-17.0.15\bin\msvcp140.dll
0x00007ff8e32c0000 - 0x00007ff8e3f32000 	C:\Users\nourg\.jdks\ms-17.0.15\bin\server\jvm.dll
0x00007ff984970000 - 0x00007ff984a26000 	C:\WINDOWS\System32\ADVAPI32.dll
0x00007ff984a40000 - 0x00007ff984ae7000 	C:\WINDOWS\System32\sechost.dll
0x00007ff9837c0000 - 0x00007ff9838d8000 	C:\WINDOWS\System32\RPCRT4.dll
0x00007ff9834f0000 - 0x00007ff983570000 	C:\WINDOWS\System32\WS2_32.dll
0x00007ff981e30000 - 0x00007ff981e8e000 	C:\WINDOWS\SYSTEM32\POWRPROF.dll
0x00007ff97a2a0000 - 0x00007ff97a2d6000 	C:\WINDOWS\SYSTEM32\WINMM.dll
0x00007ff97b0e0000 - 0x00007ff97b0eb000 	C:\WINDOWS\SYSTEM32\VERSION.dll
0x00007ff981e10000 - 0x00007ff981e24000 	C:\WINDOWS\SYSTEM32\UMPDC.dll
0x00007ff980d10000 - 0x00007ff980d2b000 	C:\WINDOWS\SYSTEM32\kernel.appcore.dll
0x00007ff97d2b0000 - 0x00007ff97d2ba000 	C:\Users\nourg\.jdks\ms-17.0.15\bin\jimage.dll
0x00007ff97ffd0000 - 0x00007ff980212000 	C:\WINDOWS\SYSTEM32\DBGHELP.DLL
0x00007ff984af0000 - 0x00007ff984e72000 	C:\WINDOWS\System32\combase.dll
0x00007ff9835e0000 - 0x00007ff9836b8000 	C:\WINDOWS\System32\OLEAUT32.dll
0x00007ff967740000 - 0x00007ff96777b000 	C:\WINDOWS\SYSTEM32\dbgcore.DLL
0x00007ff983140000 - 0x00007ff9831e5000 	C:\WINDOWS\System32\bcryptPrimitives.dll
0x00007ff9683d0000 - 0x00007ff96840b000 	C:\Users\nourg\.jdks\ms-17.0.15\bin\jdwp.dll
0x00007ff9787b0000 - 0x00007ff9787be000 	C:\Users\nourg\.jdks\ms-17.0.15\bin\instrument.dll
0x00007ff9788e0000 - 0x00007ff978905000 	C:\Users\nourg\.jdks\ms-17.0.15\bin\java.dll
0x00007ff978880000 - 0x00007ff978898000 	C:\Users\nourg\.jdks\ms-17.0.15\bin\zip.dll

dbghelp: loaded successfully - version: 4.0.5 - missing functions: none
symbol engine: initialized successfully - sym options: 0x614 - pdb path: .;C:\Users\nourg\.jdks\ms-17.0.15\bin;C:\WINDOWS\SYSTEM32;C:\WINDOWS\WinSxS\amd64_microsoft.windows.common-controls_6595b64144ccf1df_6.0.26100.8115_none_3e075c82e3354f9c;C:\Users\nourg\.jdks\ms-17.0.15\bin\server

VM Arguments:
jvm_args: -agentlib:jdwp=transport=dt_socket,address=127.0.0.1:60401,suspend=y,server=n -javaagent:C:\Users\nourg\AppData\Local\JetBrains\IntelliJIdea2025.3\captureAgent\debugger-agent.jar=file:///C:/Users/nourg/AppData/Local/Temp/capture1728623525113944769.props -XX:TieredStopAtLevel=1 -Dspring.output.ansi.enabled=always -Dkotlinx.coroutines.debug.enable.creation.stack.trace=false -Ddebugger.agent.enable.coroutines=true -Dkotlinx.coroutines.debug.enable.flows.stack.trace=true -Dkotlinx.coroutines.debug.enable.mutable.state.flows.stack.trace=true -Ddebugger.async.stack.trace.for.all.threads=true -Dfile.encoding=UTF-8 
java_command: tn.star.Pfe.PfeApplication
java_class_path (initial): C:\Users\nourg\IdeaProjects\BACKEND_STAR\Pfe\target\classes;C:\Users\nourg\.m2\repository\org\springframework\boot\spring-boot-starter-web\3.2.5\spring-boot-starter-web-3.2.5.jar;C:\Users\nourg\.m2\repository\org\springframework\boot\spring-boot-starter\3.2.5\spring-boot-starter-3.2.5.jar;C:\Users\nourg\.m2\repository\org\springframework\boot\spring-boot-starter-logging\3.2.5\spring-boot-starter-logging-3.2.5.jar;C:\Users\nourg\.m2\repository\ch\qos\logback\logback-classic\1.4.14\logback-classic-1.4.14.jar;C:\Users\nourg\.m2\repository\ch\qos\logback\logback-core\1.4.14\logback-core-1.4.14.jar;C:\Users\nourg\.m2\repository\org\apache\logging\log4j\log4j-to-slf4j\2.21.1\log4j-to-slf4j-2.21.1.jar;C:\Users\nourg\.m2\repository\org\apache\logging\log4j\log4j-api\2.21.1\log4j-api-2.21.1.jar;C:\Users\nourg\.m2\repository\org\slf4j\jul-to-slf4j\2.0.13\jul-to-slf4j-2.0.13.jar;C:\Users\nourg\.m2\repository\jakarta\annotation\jakarta.annotation-api\2.1.1\jakarta.annotation-api-2.1.1.jar;C:\Users\nourg\.m2\repository\org\yaml\snakeyaml\2.2\snakeyaml-2.2.jar;C:\Users\nourg\.m2\repository\org\springframework\boot\spring-boot-starter-json\3.2.5\spring-boot-starter-json-3.2.5.jar;C:\Users\nourg\.m2\repository\com\fasterxml\jackson\datatype\jackson-datatype-jdk8\2.15.4\jackson-datatype-jdk8-2.15.4.jar;C:\Users\nourg\.m2\repository\com\fasterxml\jackson\datatype\jackson-datatype-jsr310\2.15.4\jackson-datatype-jsr310-2.15.4.jar;C:\Users\nourg\.m2\repository\com\fasterxml\jackson\module\jackson-module-parameter-names\2.15.4\jackson-module-parameter-names-2.15.4.jar;C:\Users\nourg\.m2\repository\org\springframework\boot\spring-boot-starter-tomcat\3.2.5\spring-boot-starter-tomcat-3.2.5.jar;C:\Users\nourg\.m2\repository\org\apache\tomcat\embed\tomcat-embed-core\10.1.20\tomcat-embed-core-10.1.20.jar;C:\Users\nourg\.m2\repository\org\apache\tomcat\embed\tomcat-embed-websocket\10.1.20\tomcat-embed-websocket-10.1.20.jar;C:\Users\nourg\.m2\repository\org\springfra
Launcher Type: SUN_STANDARD

[Global flags]
     intx CICompilerCount                          = 4                                         {product} {ergonomic}
     uint ConcGCThreads                            = 3                                         {product} {ergonomic}
     uint G1ConcRefinementThreads                  = 10                                        {product} {ergonomic}
   size_t G1HeapRegionSize                         = 1048576                                   {product} {ergonomic}
    uintx GCDrainStackTargetSize                   = 64                                        {product} {ergonomic}
   size_t InitialHeapSize                          = 98566144                                  {product} {ergonomic}
   size_t MarkStackSize                            = 4194304                                   {product} {ergonomic}
   size_t MaxHeapSize                              = 1572864000                                {product} {ergonomic}
   size_t MinHeapDeltaBytes                        = 1048576                                   {product} {ergonomic}
   size_t MinHeapSize                              = 8388608                                   {product} {ergonomic}
    uintx NonProfiledCodeHeapSize                  = 0                                      {pd product} {ergonomic}
     bool ProfileInterpreter                       = false                                  {pd product} {command line}
    uintx ProfiledCodeHeapSize                     = 0                                      {pd product} {ergonomic}
   size_t SoftMaxHeapSize                          = 1572864000                             {manageable} {ergonomic}
     intx TieredStopAtLevel                        = 1                                         {product} {command line}
     bool UseCompressedClassPointers               = true                           {product lp64_product} {ergonomic}
     bool UseCompressedOops                        = true                           {product lp64_product} {ergonomic}
     bool UseG1GC                                  = true                                      {product} {ergonomic}
     bool UseLargePagesIndividualAllocation        = false                                  {pd product} {ergonomic}

Logging:
Log output configuration:
 #0: stdout all=warning uptime,level,tags
 #1: stderr all=off uptime,level,tags

Environment Variables:
JAVA_HOME=C:\Program Files\Eclipse Adoptium\jdk-17.0.15.6-hotspot
PATH=C:\Program Files\Maven\apache-maven-3.9.14\bin;C:\Program Files\Microsoft SDKs\Azure\CLI2\wbin;C:\Program Files\Eclipse Adoptium\jdk-17.0.15.6-hotspot\bin;C:\Program Files\Common Files\Oracle\Java\javapath;C:\Windows\system32;C:\Windows;C:\Windows\System32\Wbem;C:\Windows\System32\WindowsPowerShell\v1.0\;C:\Windows\System32\OpenSSH\;C:\Program Files (x86)\NVIDIA Corporation\PhysX\Common;C:\WINDOWS\system32;C:\WINDOWS;C:\WINDOWS\System32\Wbem;C:\WINDOWS\System32\WindowsPowerShell\v1.0\;C:\WINDOWS\System32\OpenSSH\;C:\Users\nourg\Desktop\2 IM\Sem 2\dev mobil\jdk-24\bin;C:\Program Files\nodejs\;C:\Program Files\Docker\Docker\resources\bin;c:\Users\nourg\AppData\Local\Programs\cursor\resources\app\bin;C:\Program Files\Git\cmd;C:\WINDOWS\system32;C:\WINDOWS;C:\WINDOWS\System32\Wbem;C:\WINDOWS\System32\WindowsPowerShell\v1.0\;C:\WINDOWS\System32\OpenSSH\;C:\Program Files\NVIDIA Corporation\NVIDIA App\NvDLISR;C:\ffmpeg\bin;C:\Users\nourg\.local\bin;C:\Program Files\Maven\apache-maven-3.9.14\bin;C:\Program Files\Microsoft SDKs\Azure\CLI2\wbin;C:\Program Files\Eclipse Adoptium\jdk-17.0.15.6-hotspot\bin;C:\Program Files\Common Files\Oracle\Java\javapath;C:\Windows\system32;C:\Windows;C:\Windows\System32\Wbem;C:\Windows\System32\WindowsPowerShell\v1.0\;C:\Windows\System32\OpenSSH\;C:\Program Files (x86)\NVIDIA Corporation\PhysX\Common;C:\WINDOWS\system32;C:\WINDOWS;C:\WINDOWS\System32\Wbem;C:\WINDOWS\System32\WindowsPowerShell\v1.0\;C:\WINDOWS\System32\OpenSSH\;C:\Users\nourg\Desktop\2 IM\Sem 2\dev mobil\jdk-24\bin;C:\Program Files\nodejs\;C:\Program Files\Docker\Docker\resources\bin;c:\Users\nourg\AppData\Local\Programs\cursor\resources\app\bin;C:\Program Files\Git\cmd;C:\WINDOWS\system32;C:\WINDOWS;C:\WINDOWS\System32\Wbem;C:\WINDOWS\System32\WindowsPowerShell\v1.0\;C:\WINDOWS\System32\OpenSSH\;C:\Program Files\NVIDIA Corporation\NVIDIA App\NvDLISR;C:\ffmpeg\bin;;C:\Users\nourg\AppData\Local\Programs\Microsoft VS Code\bin
USERNAME=nourg
OS=Windows_NT
PROCESSOR_IDENTIFIER=AMD64 Family 25 Model 80 Stepping 0, AuthenticAMD
TMP=C:\Users\nourg\AppData\Local\Temp
TEMP=C:\Users\nourg\AppData\Local\Temp



Periodic native trim disabled


---------------  S Y S T E M  ---------------

OS:
 Windows 11 , 64 bit Build 26100 (10.0.26100.8246)
OS uptime: 1 days 2:39 hours
Hyper-V role detected

CPU: total 12 (initial active 12) (12 cores per cpu, 2 threads per core) family 25 model 80 stepping 0 microcode 0xa50000d, cx8, cmov, fxsr, ht, mmx, 3dnowpref, sse, sse2, sse3, ssse3, sse4a, sse4.1, sse4.2, popcnt, lzcnt, tsc, tscinvbit, avx, avx2, aes, erms, clmul, bmi1, bmi2, adx, sha, fma, vzeroupper, clflush, clflushopt, hv
Processor Information for processor 0
  Max Mhz: 3301, Current Mhz: 2630, Mhz Limit: 3301
Processor Information for processor 1
  Max Mhz: 3301, Current Mhz: 2630, Mhz Limit: 3301
Processor Information for processor 2
  Max Mhz: 3301, Current Mhz: 2630, Mhz Limit: 3301
Processor Information for processor 3
  Max Mhz: 3301, Current Mhz: 3301, Mhz Limit: 3301
Processor Information for processor 4
  Max Mhz: 3301, Current Mhz: 2630, Mhz Limit: 3301
Processor Information for processor 5
  Max Mhz: 3301, Current Mhz: 2630, Mhz Limit: 3301
Processor Information for processor 6
  Max Mhz: 3301, Current Mhz: 2630, Mhz Limit: 3301
Processor Information for processor 7
  Max Mhz: 3301, Current Mhz: 2630, Mhz Limit: 3301
Processor Information for processor 8
  Max Mhz: 3301, Current Mhz: 2630, Mhz Limit: 3301
Processor Information for processor 9
  Max Mhz: 3301, Current Mhz: 2630, Mhz Limit: 3301
Processor Information for processor 10
  Max Mhz: 3301, Current Mhz: 2630, Mhz Limit: 3301
Processor Information for processor 11
  Max Mhz: 3301, Current Mhz: 2630, Mhz Limit: 3301

Memory: 4k page, system-wide physical 5996M (236M free)
TotalPageFile size 24428M (AvailPageFile size 7M)
current process WorkingSet (physical memory assigned to process): 12M, peak: 12M
current process commit charge ("private bytes"): 59M, peak: 153M

vm_info: OpenJDK 64-Bit Server VM (17.0.15+6-LTS) for windows-amd64 JRE (17.0.15+6-LTS), built on Apr  9 2025 22:27:25 by "MicrosoftCorporation" with unknown MS VC++:1939

END.
